<?xml version="1.0" encoding="UTF-8"?>
<testng-results skipped="0" failed="0" ignored="0" total="2" passed="2">
  <reporter-output>
  </reporter-output>
  <suite name="Default suite" duration-ms="53777" started-at="2020-03-15T11:02:27Z" finished-at="2020-03-15T11:03:21Z">
    <groups>
      <group name="cucumber">
        <method signature="AbstractTestNGCucumberTests.runScenario(cucumber.api.testng.PickleEventWrapper, cucumber.api.testng.CucumberFeatureWrapper)[pri:0, instance:com.leafBot.testcases.TC001_CreateAccount@11cc5c9]" name="runScenario" class="cucumber.api.testng.AbstractTestNGCucumberTests"/>
      </group> <!-- cucumber -->
    </groups>
    <test name="Default test" duration-ms="53777" started-at="2020-03-15T11:02:27Z" finished-at="2020-03-15T11:03:21Z">
      <class name="com.leafBot.testcases.TC001_CreateAccount">
        <test-method status="PASS" signature="startReport()[pri:0, instance:com.leafBot.testcases.TC001_CreateAccount@11cc5c9]" name="startReport" is-config="true" duration-ms="2264" started-at="2020-03-15T11:02:25Z" finished-at="2020-03-15T11:02:27Z">
          <reporter-output>
          </reporter-output>
        </test-method> <!-- startReport -->
        <test-method status="PASS" signature="setValues()[pri:0, instance:com.leafBot.testcases.TC001_CreateAccount@11cc5c9]" name="setValues" is-config="true" duration-ms="1" started-at="2020-03-15T11:02:27Z" finished-at="2020-03-15T11:02:27Z">
          <reporter-output>
          </reporter-output>
        </test-method> <!-- setValues -->
        <test-method status="PASS" signature="setUpClass()[pri:0, instance:com.leafBot.testcases.TC001_CreateAccount@11cc5c9]" name="setUpClass" is-config="true" duration-ms="206" started-at="2020-03-15T11:02:27Z" finished-at="2020-03-15T11:02:27Z">
          <reporter-output>
          </reporter-output>
        </test-method> <!-- setUpClass -->
        <test-method status="PASS" signature="report()[pri:0, instance:com.leafBot.testcases.TC001_CreateAccount@11cc5c9]" name="report" is-config="true" duration-ms="321" started-at="2020-03-15T11:02:27Z" finished-at="2020-03-15T11:02:28Z">
          <reporter-output>
          </reporter-output>
        </test-method> <!-- report -->
        <test-method status="PASS" signature="beforeMethod()[pri:0, instance:com.leafBot.testcases.TC001_CreateAccount@11cc5c9]" name="beforeMethod" is-config="true" duration-ms="8224" started-at="2020-03-15T11:02:29Z" finished-at="2020-03-15T11:02:37Z">
          <reporter-output>
          </reporter-output>
        </test-method> <!-- beforeMethod -->
        <test-method status="PASS" signature="createAcc(java.lang.String, java.lang.String)[pri:0, instance:com.leafBot.testcases.TC001_CreateAccount@11cc5c9]" name="createAcc" duration-ms="18150" started-at="2020-03-15T11:02:37Z" data-provider="fetchData" finished-at="2020-03-15T11:02:55Z">
          <params>
            <param index="0">
              <value>
                <![CDATA[Babu M]]>
              </value>
            </param>
            <param index="1">
              <value>
                <![CDATA[Babu M]]>
              </value>
            </param>
          </params>
          <reporter-output>
          </reporter-output>
        </test-method> <!-- createAcc -->
        <test-method status="PASS" signature="afterMethod()[pri:0, instance:com.leafBot.testcases.TC001_CreateAccount@11cc5c9]" name="afterMethod" is-config="true" duration-ms="184" started-at="2020-03-15T11:02:55Z" finished-at="2020-03-15T11:02:55Z">
          <reporter-output>
          </reporter-output>
        </test-method> <!-- afterMethod -->
        <test-method status="PASS" signature="beforeMethod()[pri:0, instance:com.leafBot.testcases.TC001_CreateAccount@11cc5c9]" name="beforeMethod" is-config="true" duration-ms="8884" started-at="2020-03-15T11:02:55Z" finished-at="2020-03-15T11:03:04Z">
          <reporter-output>
          </reporter-output>
        </test-method> <!-- beforeMethod -->
        <test-method status="PASS" signature="createAcc(java.lang.String, java.lang.String)[pri:0, instance:com.leafBot.testcases.TC001_CreateAccount@11cc5c9]" name="createAcc" duration-ms="16460" started-at="2020-03-15T11:03:04Z" data-provider="fetchData" finished-at="2020-03-15T11:03:21Z">
          <params>
            <param index="0">
              <value>
                <![CDATA[Sam Anderson]]>
              </value>
            </param>
            <param index="1">
              <value>
                <![CDATA[Sam Anderson]]>
              </value>
            </param>
          </params>
          <reporter-output>
          </reporter-output>
        </test-method> <!-- createAcc -->
        <test-method status="PASS" signature="afterMethod()[pri:0, instance:com.leafBot.testcases.TC001_CreateAccount@11cc5c9]" name="afterMethod" is-config="true" duration-ms="158" started-at="2020-03-15T11:03:21Z" finished-at="2020-03-15T11:03:21Z">
          <reporter-output>
          </reporter-output>
        </test-method> <!-- afterMethod -->
        <test-method status="PASS" signature="tearDownClass()[pri:0, instance:com.leafBot.testcases.TC001_CreateAccount@11cc5c9]" name="tearDownClass" is-config="true" duration-ms="10" started-at="2020-03-15T11:03:21Z" finished-at="2020-03-15T11:03:21Z">
          <reporter-output>
          </reporter-output>
        </test-method> <!-- tearDownClass -->
        <test-method status="PASS" signature="stopReport()[pri:0, instance:com.leafBot.testcases.TC001_CreateAccount@11cc5c9]" name="stopReport" is-config="true" duration-ms="22426" started-at="2020-03-15T11:03:21Z" finished-at="2020-03-15T11:03:43Z">
          <reporter-output>
          </reporter-output>
        </test-method> <!-- stopReport -->
      </class> <!-- com.leafBot.testcases.TC001_CreateAccount -->
    </test> <!-- Default test -->
  </suite> <!-- Default suite -->
</testng-results>
